<?xml version="1.0" encoding="UTF-8"?>
<!-- Generated by org.testng.reporters.JUnitReportReporter -->
<testsuite skipped="0" hostname="DIGITAL-0070" name="Main_Runner.Running_Class" tests="1" failures="0" timestamp="2022-05-20T18:44:27 IST" time="48.345" errors="0">
  <testcase name="All_Pages" time="48.345" classname="Main_Runner.Running_Class"/>
  <system-out/>
</testsuite> <!-- Main_Runner.Running_Class -->
