<?xml version="1.0" encoding="UTF-8"?>
<!-- Generated by org.testng.reporters.JUnitReportReporter -->
<testsuite skipped="0" hostname="DIGITAL-0070" name="Main_Runner.Running_Class" tests="1" failures="0" timestamp="16 May 2022 15:47:32 GMT" time="57.490" errors="0">
  <testcase name="Mobile_Validation" time="57.490" classname="Main_Runner.Running_Class"/>
</testsuite> <!-- Main_Runner.Running_Class -->
