<?xml version="1.0" encoding="UTF-8"?>
<!-- Generated by org.testng.reporters.JUnitReportReporter -->
<testsuite skipped="0" hostname="DIGITAL-0070" name="Runner_Package.Running_Class" tests="1" failures="0" timestamp="19 May 2022 09:47:23 GMT" time="252.368" errors="0">
  <testcase name="All_Pages" time="252.368" classname="Runner_Package.Running_Class"/>
</testsuite> <!-- Runner_Package.Running_Class -->
