<?xml version="1.0" encoding="UTF-8"?>
<!-- Generated by org.testng.reporters.JUnitReportReporter -->
<testsuite skipped="0" hostname="DIGITAL-0070" name="Main_Runner.Main_Field_Running" tests="12" failures="0" timestamp="19 May 2022 05:12:14 GMT" time="473.543" errors="0">
  <testcase name="Final_Run" time="30.765" classname="Main_Runner.Main_Field_Running"/>
  <testcase name="Final_Run" time="34.780" classname="Main_Runner.Main_Field_Running"/>
  <testcase name="Final_Run" time="46.700" classname="Main_Runner.Main_Field_Running"/>
  <testcase name="Final_Run" time="31.223" classname="Main_Runner.Main_Field_Running"/>
  <testcase name="Final_Run" time="31.790" classname="Main_Runner.Main_Field_Running"/>
  <testcase name="Final_Run" time="28.893" classname="Main_Runner.Main_Field_Running"/>
  <testcase name="Final_Run" time="29.739" classname="Main_Runner.Main_Field_Running"/>
  <testcase name="Final_Run" time="31.507" classname="Main_Runner.Main_Field_Running"/>
  <testcase name="Final_Run" time="28.702" classname="Main_Runner.Main_Field_Running"/>
  <testcase name="Final_Run" time="29.881" classname="Main_Runner.Main_Field_Running"/>
  <testcase name="Final_Run" time="32.883" classname="Main_Runner.Main_Field_Running"/>
  <testcase name="Final_Run" time="116.680" classname="Main_Runner.Main_Field_Running"/>
</testsuite> <!-- Main_Runner.Main_Field_Running -->
