<?xml version="1.0" encoding="UTF-8"?>
<!-- Generated by org.testng.reporters.JUnitReportReporter -->
<testsuite skipped="0" hostname="DIGITAL-0070" name="Main_Runner.Running_Class" tests="1" failures="0" timestamp="11 May 2022 14:31:50 GMT" time="115.952" errors="0">
  <testcase name="Mobile_Validation" time="115.952" classname="Main_Runner.Running_Class"/>
</testsuite> <!-- Main_Runner.Running_Class -->
