<?xml version="1.0" encoding="UTF-8"?>
<!-- Generated by org.testng.reporters.JUnitReportReporter -->
<testsuite skipped="0" hostname="DIGITAL-0070" name="Main_Running" tests="1" failures="0" timestamp="10 May 2022 15:04:06 GMT" time="18.958" errors="0">
  <testcase name="Complete_Run" time="18.958" classname="Main_Running"/>
</testsuite> <!-- Main_Running -->
